This is pdfTeX, Version 3.141592653-2.6-1.40.25 (MiKTeX 24.1) (preloaded format=pdflatex 2025.10.8)  12 NOV 2025 15:14
entering extended mode
 restricted \write18 enabled.
 %&-line parsing enabled.
**"./proyecto1-nombreProyecto-6NV6-Ambientes virtuales.tex"
(proyecto1-nombreProyecto-6NV6-Ambientes virtuales.tex
LaTeX2e <2023-11-01> patch level 1
L3 programming layer <2024-01-04>
(C:\Users\monic\AppData\Local\Programs\MiKTeX\tex/latex/base\report.cls
Document Class: report 2023/05/17 v1.4n Standard LaTeX document class
(C:\Users\monic\AppData\Local\Programs\MiKTeX\tex/latex/base\size12.clo
File: size12.clo 2023/05/17 v1.4n Standard LaTeX file (size option)
)
\c@part=\count187
\c@chapter=\count188
\c@section=\count189
\c@subsection=\count190
\c@subsubsection=\count191
\c@paragraph=\count192
\c@subparagraph=\count193
\c@figure=\count194
\c@table=\count195
\abovecaptionskip=\skip48
\belowcaptionskip=\skip49
\bibindent=\dimen140
)
(C:\Users\monic\AppData\Local\Programs\MiKTeX\tex/generic/babel\babel.sty
Package: babel 2025/08/03 v25.12 The multilingual framework for LuaLaTeX, pdfLa
TeX and XeLaTeX
\babel@savecnt=\count196
\U@D=\dimen141
\l@unhyphenated=\language79

(C:\Users\monic\AppData\Local\Programs\MiKTeX\tex/generic/babel\txtbabel.def)
\bbl@readstream=\read2
\bbl@dirlevel=\count197

*************************************
* Local config file bblopts.cfg used
*
(C:\Users\monic\AppData\Local\Programs\MiKTeX\tex/latex/arabi\bblopts.cfg
File: bblopts.cfg 2005/09/08 v0.1 add Arabic and Farsi to "declared" options of
 babel
)
(C:\Users\monic\AppData\Local\Programs\MiKTeX\tex/latex/babel-spanish\spanish.l
df
Language: spanish.ldf 2021/05/27 v5.0q Spanish support from the babel system

(C:\Users\monic\AppData\Local\Programs\MiKTeX\tex/generic/babel/locale/es\babel
-spanish.tex
Package babel Info: Importing font and identification data for spanish
(babel)             from babel-es.ini. Reported on input line 12.
)
\es@quottoks=\toks17
\es@quotdepth=\count198
Package babel Info: Making " an active character on input line 570.
Package babel Info: Making . an active character on input line 675.
Package babel Info: Making < an active character on input line 722.
Package babel Info: Making > an active character on input line 722.
))
(C:\Users\monic\AppData\Local\Programs\MiKTeX\tex/latex/graphics\graphicx.sty
Package: graphicx 2021/09/16 v1.2d Enhanced LaTeX Graphics (DPC,SPQR)

(C:\Users\monic\AppData\Local\Programs\MiKTeX\tex/latex/graphics\keyval.sty
Package: keyval 2022/05/29 v1.15 key=value parser (DPC)
\KV@toks@=\toks18
)
(C:\Users\monic\AppData\Local\Programs\MiKTeX\tex/latex/graphics\graphics.sty
Package: graphics 2022/03/10 v1.4e Standard LaTeX Graphics (DPC,SPQR)

(C:\Users\monic\AppData\Local\Programs\MiKTeX\tex/latex/graphics\trig.sty
Package: trig 2021/08/11 v1.11 sin cos tan (DPC)
)
(C:\Users\monic\AppData\Local\Programs\MiKTeX\tex/latex/graphics-cfg\graphics.c
fg
File: graphics.cfg 2016/06/04 v1.11 sample graphics configuration
)
Package graphics Info: Driver file: pdftex.def on input line 107.

(C:\Users\monic\AppData\Local\Programs\MiKTeX\tex/latex/graphics-def\pdftex.def
File: pdftex.def 2022/09/22 v1.2b Graphics/color driver for pdftex
))
\Gin@req@height=\dimen142
\Gin@req@width=\dimen143
) (C:\Users\monic\AppData\Local\Programs\MiKTeX\tex/latex/base\inputenc.sty
Package: inputenc 2021/02/14 v1.3d Input encoding file
\inpenc@prehook=\toks19
\inpenc@posthook=\toks20
)
(C:\Users\monic\AppData\Local\Programs\MiKTeX\tex/latex/parskip\parskip.sty
Package: parskip 2021-03-14 v2.0h non-zero parskip adjustments

(C:\Users\monic\AppData\Local\Programs\MiKTeX\tex/latex/kvoptions\kvoptions.sty
Package: kvoptions 2022-06-15 v3.15 Key value format for package options (HO)
(C:\Users\monic\AppData\Local\Programs\MiKTeX\tex/generic/ltxcmds\ltxcmds.sty
Package: ltxcmds 2023-12-04 v1.26 LaTeX kernel commands for general use (HO)
)
(C:\Users\monic\AppData\Local\Programs\MiKTeX\tex/latex/kvsetkeys\kvsetkeys.sty
Package: kvsetkeys 2022-10-05 v1.19 Key value parser (HO)
))
(C:\Users\monic\AppData\Local\Programs\MiKTeX\tex/latex/etoolbox\etoolbox.sty
Package: etoolbox 2020/10/05 v2.5k e-TeX tools for LaTeX (JAW)
\etb@tempcnta=\count199
)) (C:\Users\monic\AppData\Local\Programs\MiKTeX\tex/latex/geometry\geometry.st
y
Package: geometry 2020/01/02 v5.9 Page Geometry

(C:\Users\monic\AppData\Local\Programs\MiKTeX\tex/generic/iftex\ifvtex.sty
Package: ifvtex 2019/10/25 v1.7 ifvtex legacy package. Use iftex instead.

(C:\Users\monic\AppData\Local\Programs\MiKTeX\tex/generic/iftex\iftex.sty
Package: iftex 2022/02/03 v1.0f TeX engine tests
))
\Gm@cnth=\count266
\Gm@cntv=\count267
\c@Gm@tempcnt=\count268
\Gm@bindingoffset=\dimen144
\Gm@wd@mp=\dimen145
\Gm@odd@mp=\dimen146
\Gm@even@mp=\dimen147
\Gm@layoutwidth=\dimen148
\Gm@layoutheight=\dimen149
\Gm@layouthoffset=\dimen150
\Gm@layoutvoffset=\dimen151
\Gm@dimlist=\toks21

(C:\Users\monic\AppData\Local\Programs\MiKTeX\tex/latex/geometry\geometry.cfg))
(C:\Users\monic\AppData\Local\Programs\MiKTeX\tex/latex/tools\tabularx.sty
Package: tabularx 2023/07/08 v2.11c `tabularx' package (DPC)

(C:\Users\monic\AppData\Local\Programs\MiKTeX\tex/latex/tools\array.sty
Package: array 2023/10/16 v2.5g Tabular extension package (FMi)
\col@sep=\dimen152
\ar@mcellbox=\box51
\extrarowheight=\dimen153
\NC@list=\toks22
\extratabsurround=\skip50
\backup@length=\skip51
\ar@cellbox=\box52
)
\TX@col@width=\dimen154
\TX@old@table=\dimen155
\TX@old@col=\dimen156
\TX@target=\dimen157
\TX@delta=\dimen158
\TX@cols=\count269
\TX@ftn=\toks23
)
(C:\Users\monic\AppData\Local\Programs\MiKTeX\tex/latex/float\float.sty
Package: float 2001/11/08 v1.3d Float enhancements (AL)
\c@float@type=\count270
\float@exts=\toks24
\float@box=\box53
\@float@everytoks=\toks25
\@floatcapt=\box54
)
(C:\Users\monic\AppData\Local\Programs\MiKTeX\tex/latex/tools\longtable.sty
Package: longtable 2023-11-01 v4.19 Multi-page Table package (DPC)
\LTleft=\skip52
\LTright=\skip53
\LTpre=\skip54
\LTpost=\skip55
\LTchunksize=\count271
\LTcapwidth=\dimen159
\LT@head=\box55
\LT@firsthead=\box56
\LT@foot=\box57
\LT@lastfoot=\box58
\LT@gbox=\box59
\LT@cols=\count272
\LT@rows=\count273
\c@LT@tables=\count274
\c@LT@chunks=\count275
\LT@p@ftn=\toks26
)
(C:\Users\monic\AppData\Local\Programs\MiKTeX\tex/latex/caption\subcaption.sty
Package: subcaption 2023/07/28 v1.6b Sub-captions (AR)

(C:\Users\monic\AppData\Local\Programs\MiKTeX\tex/latex/caption\caption.sty
Package: caption 2023/08/05 v3.6o Customizing captions (AR)

(C:\Users\monic\AppData\Local\Programs\MiKTeX\tex/latex/caption\caption3.sty
Package: caption3 2023/07/31 v2.4d caption3 kernel (AR)
\caption@tempdima=\dimen160
\captionmargin=\dimen161
\caption@leftmargin=\dimen162
\caption@rightmargin=\dimen163
\caption@width=\dimen164
\caption@indent=\dimen165
\caption@parindent=\dimen166
\caption@hangindent=\dimen167
Package caption Info: Standard document class detected.
)
\c@caption@flags=\count276
\c@continuedfloat=\count277
Package caption Info: float package is loaded.
Package caption Info: longtable package is loaded.

(C:\Users\monic\AppData\Local\Programs\MiKTeX\tex/latex/caption\ltcaption.sty
Package: ltcaption 2021/01/08 v1.4c longtable captions (AR)
))
Package caption Info: New subtype `subfigure' on input line 238.
\c@subfigure=\count278
Package caption Info: New subtype `subtable' on input line 238.
\c@subtable=\count279
)
(C:\Users\monic\AppData\Local\Programs\MiKTeX\tex/latex/l3backend\l3backend-pdf
tex.def
File: l3backend-pdftex.def 2024-01-04 L3 backend support: PDF output (pdfTeX)
\l__color_backend_stack_int=\count280
\l__pdf_internal_box=\box60
) (proyecto1-nombreProyecto-6NV6-Ambientes virtuales.aux (portada.aux)
LaTeX Info: Redefining \. on input line 9.
LaTeX Info: Redefining \% on input line 9.
Package babel Info: 'spanish' activates 'spanish' shorthands.
(babel)             Reported on input line 9.

(resumen.aux))
\openout1 = `"proyecto1-nombreProyecto-6NV6-Ambientes virtuales.aux"'.

LaTeX Font Info:    Checking defaults for OML/cmm/m/it on input line 24.
LaTeX Font Info:    ... okay on input line 24.
LaTeX Font Info:    Checking defaults for OMS/cmsy/m/n on input line 24.
LaTeX Font Info:    ... okay on input line 24.
LaTeX Font Info:    Checking defaults for OT1/cmr/m/n on input line 24.
LaTeX Font Info:    ... okay on input line 24.
LaTeX Font Info:    Checking defaults for T1/cmr/m/n on input line 24.
LaTeX Font Info:    ... okay on input line 24.
LaTeX Font Info:    Checking defaults for TS1/cmr/m/n on input line 24.
LaTeX Font Info:    ... okay on input line 24.
LaTeX Font Info:    Checking defaults for OMX/cmex/m/n on input line 24.
LaTeX Font Info:    ... okay on input line 24.
LaTeX Font Info:    Checking defaults for U/cmr/m/n on input line 24.
LaTeX Font Info:    ... okay on input line 24.
LaTeX Info: Redefining \. on input line 24.
LaTeX Info: Redefining \% on input line 24.

(C:\Users\monic\AppData\Local\Programs\MiKTeX\tex/context/base/mkii\supp-pdf.mk
ii
[Loading MPS to PDF converter (version 2006.09.02).]
\scratchcounter=\count281
\scratchdimen=\dimen168
\scratchbox=\box61
\nofMPsegments=\count282
\nofMParguments=\count283
\everyMPshowfont=\toks27
\MPscratchCnt=\count284
\MPscratchDim=\dimen169
\MPnumerator=\count285
\makeMPintoPDFobject=\count286
\everyMPtoPDFconversion=\toks28
)
(C:\Users\monic\AppData\Local\Programs\MiKTeX\tex/latex/epstopdf-pkg\epstopdf-b
ase.sty
Package: epstopdf-base 2020-01-24 v2.11 Base part for package epstopdf
Package epstopdf-base Info: Redefining graphics rule for `.eps' on input line 4
85.

(C:\Users\monic\AppData\Local\Programs\MiKTeX\tex/latex/00miktex\epstopdf-sys.c
fg
File: epstopdf-sys.cfg 2021/03/18 v2.0 Configuration of epstopdf for MiKTeX
))
*geometry* driver: auto-detecting
*geometry* detected driver: pdftex
*geometry* verbose mode - [ preamble ] result:
* driver: pdftex
* paper: a4paper
* layout: <same size as paper>
* layoutoffset:(h,v)=(0.0pt,0.0pt)
* modes: 
* h-part:(L,W,R)=(85.35826pt, 426.79135pt, 85.35826pt)
* v-part:(T,H,B)=(71.13188pt, 702.78308pt, 71.13188pt)
* \paperwidth=597.50787pt
* \paperheight=845.04684pt
* \textwidth=426.79135pt
* \textheight=702.78308pt
* \oddsidemargin=13.08827pt
* \evensidemargin=13.08827pt
* \topmargin=-38.1381pt
* \headheight=12.0pt
* \headsep=25.0pt
* \topskip=12.0pt
* \footskip=30.0pt
* \marginparwidth=44.0pt
* \marginparsep=10.0pt
* \columnsep=10.0pt
* \skip\footins=10.8pt plus 4.0pt minus 2.0pt
* \hoffset=0.0pt
* \voffset=0.0pt
* \mag=1000
* \@twocolumnfalse
* \@twosidefalse
* \@mparswitchfalse
* \@reversemarginfalse
* (1in=72.27pt=25.4mm, 1cm=28.453pt)

Package caption Info: Begin \AtBeginDocument code.
Package caption Info: End \AtBeginDocument code.
\openout2 = `portada.aux'.

(portada.tex

LaTeX Font Warning: Font shape `OT1/cmr/m/n' in size <16> not available
(Font)              size <17.28> substituted on input line 7.

<imagenes/upiicsa-ipn.jpeg, id=1, 296.10625pt x 171.64125pt>
File: imagenes/upiicsa-ipn.jpeg Graphic file (type jpg)
<use imagenes/upiicsa-ipn.jpeg>
Package pdftex.def Info: imagenes/upiicsa-ipn.jpeg  used on input line 12.
(pdftex.def)             Requested size: 213.39568pt x 123.69945pt.

LaTeX Font Warning: Font shape `OT1/cmr/bx/n' in size <16> not available
(Font)              size <17.28> substituted on input line 18.

[1


{C:/Users/monic/AppData/Local/MiKTeX/fonts/map/pdftex/pdftex.map} <./imagenes/u
piicsa-ipn.jpeg>])
\openout2 = `resumen.aux'.

 (resumen.tex [1



])
(proyecto1-nombreProyecto-6NV6-Ambientes virtuales.toc
LaTeX Info: Redefining \. on input line 1.
LaTeX Info: Redefining \% on input line 1.
LaTeX Font Info:    External font `cmex10' loaded for size
(Font)              <12> on input line 3.
LaTeX Font Info:    External font `cmex10' loaded for size
(Font)              <8> on input line 3.
LaTeX Font Info:    External font `cmex10' loaded for size
(Font)              <6> on input line 3.
 [1



])
\tf@toc=\write3
\openout3 = `"proyecto1-nombreProyecto-6NV6-Ambientes virtuales.toc"'.

LaTeX Info: Redefining \. on input line 36.
LaTeX Info: Redefining \% on input line 36.
Package babel Info: 'spanish' activates 'spanish' shorthands.
(babel)             Reported on input line 36.
 [2]
(proyecto1-nombreProyecto-6NV6-Ambientes virtuales.lof
LaTeX Info: Redefining \. on input line 1.
LaTeX Info: Redefining \% on input line 1.
)
\tf@lof=\write4
\openout4 = `"proyecto1-nombreProyecto-6NV6-Ambientes virtuales.lof"'.

 [3

]
(proyecto1-nombreProyecto-6NV6-Ambientes virtuales.lot
LaTeX Info: Redefining \. on input line 1.
LaTeX Info: Redefining \% on input line 1.
)
\tf@lot=\write5
\openout5 = `"proyecto1-nombreProyecto-6NV6-Ambientes virtuales.lot"'.

 [4

]
(introduccion/introduccion.tex
Cap\'{\i }tulo 1.
(introduccion/secciones/contextoDeTrabajo.tex)
(introduccion/secciones/problematica.tex)
(introduccion/secciones/trabajoPrevio.tex [1


]
LaTeX Info: Redefining \. on input line 31.
LaTeX Info: Redefining \% on input line 31.
 [2]
LaTeX Info: Redefining \. on input line 65.
LaTeX Info: Redefining \% on input line 65.
 [3])
(introduccion/secciones/solucionPropuesta.tex)
LaTeX Info: Redefining \. on input line 8.
LaTeX Info: Redefining \% on input line 8.
 [4]
<imagenes/1.jpg, id=38, 451.6875pt x 299.1175pt>
File: imagenes/1.jpg Graphic file (type jpg)
<use imagenes/1.jpg>
Package pdftex.def Info: imagenes/1.jpg  used on input line 16.
(pdftex.def)             Requested size: 256.07741pt x 169.59047pt.


LaTeX Warning: File `logo-ubicar.png' not found on input line 24.


! Package pdftex.def Error: File `logo-ubicar.png' not found: using draft setti
ng.

See the pdftex.def package documentation for explanation.
Type  H <return>  for immediate help.
 ...                                              
                                                  
l.24 ...ics[width=0.30\textwidth]{logo-ubicar.png}
                                                  
Try typing  <return>  to proceed.
If that doesn't work, type  X <return>  to quit.

<imagenes/mapa-upiicsa.jpg, id=39, 1003.75pt x 552.0625pt>
File: imagenes/mapa-upiicsa.jpg Graphic file (type jpg)
<use imagenes/mapa-upiicsa.jpg>
Package pdftex.def Info: imagenes/mapa-upiicsa.jpg  used on input line 33.
(pdftex.def)             Requested size: 384.1096pt x 211.26009pt.
LaTeX Info: Redefining \. on input line 37.
LaTeX Info: Redefining \% on input line 37.
[5 <./imagenes/1.jpg>]) (marcoTeorico/marcoTeorico.tex
LaTeX Info: Redefining \. on input line 1.
LaTeX Info: Redefining \% on input line 1.
 [6 <./imagenes/mapa-upiicsa.jpg>]
Cap\'{\i }tulo 2.
(marcoTeorico/secciones/unity.tex
<imagenes/Unity logo.png, id=47, 1284.8pt x 722.7pt>
File: imagenes/Unity logo.png Graphic file (type png)
<use imagenes/Unity logo.png>
Package pdftex.def Info: imagenes/Unity logo.png  used on input line 9.
(pdftex.def)             Requested size: 256.07741pt x 144.0412pt.
 [7

 <./imagenes/Unity logo.png>])
(marcoTeorico/secciones/vuforia.tex
<imagenes/Vuforia concepto.jpg, id=54, 1284.8pt x 722.7pt>
File: imagenes/Vuforia concepto.jpg Graphic file (type jpg)
<use imagenes/Vuforia concepto.jpg>
Package pdftex.def Info: imagenes/Vuforia concepto.jpg  used on input line 6.
(pdftex.def)             Requested size: 256.07741pt x 144.0412pt.
LaTeX Info: Redefining \. on input line 10.
LaTeX Info: Redefining \% on input line 10.
 [8]
LaTeX Info: Redefining \. on input line 40.
LaTeX Info: Redefining \% on input line 40.
 [9 <./imagenes/Vuforia concepto.jpg>])
(marcoTeorico/secciones/realidadAumentada.tex
Overfull \hbox (1.00005pt too wide) in paragraph at lines 7--9
[]\OT1/cmr/m/n/12 La reali-dad au-men-ta-da pue-de im-ple-men-tar-se a trav^^Se
s de dis-po-si-ti-vos co-mo smartpho-
 []

<imagenes/Realidad Aumentada.jpg, id=61, 1284.8pt x 722.7pt>
File: imagenes/Realidad Aumentada.jpg Graphic file (type jpg)
<use imagenes/Realidad Aumentada.jpg>
Package pdftex.def Info: imagenes/Realidad Aumentada.jpg  used on input line 12
.
(pdftex.def)             Requested size: 256.07741pt x 144.0412pt.
LaTeX Info: Redefining \. on input line 24.
LaTeX Info: Redefining \% on input line 24.
[10 <./imagenes/Realidad Aumentada.jpg>]
<imagenes/Evolucion de AR.png, id=65, 963.6pt x 542.025pt>
File: imagenes/Evolucion de AR.png Graphic file (type png)
<use imagenes/Evolucion de AR.png>
Package pdftex.def Info: imagenes/Evolucion de AR.png  used on input line 27.
(pdftex.def)             Requested size: 256.07741pt x 144.0412pt.

Underfull \hbox (badness 10000) in paragraph at lines 44--45

 []

LaTeX Info: Redefining \. on input line 46.
LaTeX Info: Redefining \% on input line 46.
[11 <./imagenes/Evolucion de AR.png>]
Underfull \hbox (badness 10000) in paragraph at lines 46--53

 []

<imagenes/marcadores QR.jpg, id=70, 770.88pt x 426.84468pt>
File: imagenes/marcadores QR.jpg Graphic file (type jpg)
<use imagenes/marcadores QR.jpg>
Package pdftex.def Info: imagenes/marcadores QR.jpg  used on input line 57.
(pdftex.def)             Requested size: 192.0548pt x 106.33966pt.
<imagenes/world tracking.jpg, id=71, 475.7775pt x 262.9825pt>
File: imagenes/world tracking.jpg Graphic file (type jpg)
<use imagenes/world tracking.jpg>
Package pdftex.def Info: imagenes/world tracking.jpg  used on input line 62.
(pdftex.def)             Requested size: 192.0548pt x 106.1582pt.
<imagenes/face tracking.jpg, id=72, 475.7775pt x 262.9825pt>
File: imagenes/face tracking.jpg Graphic file (type jpg)
<use imagenes/face tracking.jpg>
Package pdftex.def Info: imagenes/face tracking.jpg  used on input line 67.
(pdftex.def)             Requested size: 192.0548pt x 106.1582pt.
<imagenes/body tracking.jpg, id=73, 475.7775pt x 281.05pt>
File: imagenes/body tracking.jpg Graphic file (type jpg)
<use imagenes/body tracking.jpg>
Package pdftex.def Info: imagenes/body tracking.jpg  used on input line 72.
(pdftex.def)             Requested size: 192.0548pt x 113.45152pt.

Overfull \hbox (0.28822pt too wide) in paragraph at lines 87--90
[]\OT1/cmr/bx/n/12 Educaci^^Son: \OT1/cmr/m/n/12 La reali-dad au-men-ta-da se u
ti-li-za pa-ra crear ex-pe-rien-cias de apren-
 []

LaTeX Info: Redefining \. on input line 90.
LaTeX Info: Redefining \% on input line 90.
[12 <./imagenes/marcadores QR.jpg> <./imagenes/world tracking.jpg> <./imagenes/
face tracking.jpg> <./imagenes/body tracking.jpg>]
(C:\Users\monic\AppData\Local\Programs\MiKTeX\tex/latex/tools\.tex
File ignored)) (marcoTeorico/secciones/IPN.tex
LaTeX Info: Redefining \. on input line 20.
LaTeX Info: Redefining \% on input line 20.
 [13]
Overfull \hbox (5.26529pt too wide) in paragraph at lines 35--36
[]\OT1/cmr/m/n/12 Escuela Su-pe-rior de Co-mer-cio y Ad-mi-nis-tra-ci^^Son (ES-
CA), uni-da-des San-to Tom^^Sas
 []

LaTeX Info: Redefining \. on input line 48.
LaTeX Info: Redefining \% on input line 48.
[14]
LaTeX Info: Redefining \. on input line 81.
LaTeX Info: Redefining \% on input line 81.
 [15]) (marcoTeorico/secciones/Upiicsa.tex
(marcoTeorico/secciones/escuela/Edificios.tex
LaTeX Info: Redefining \. on input line 30.
LaTeX Info: Redefining \% on input line 30.
 [16]
LaTeX Info: Redefining \. on input line 74.
LaTeX Info: Redefining \% on input line 74.
 [17])
(marcoTeorico/secciones/escuela/Carreras.tex
LaTeX Info: Redefining \. on input line 34.
LaTeX Info: Redefining \% on input line 34.
 [18]
LaTeX Info: Redefining \. on input line 69.
LaTeX Info: Redefining \% on input line 69.
 [19]
Underfull \hbox (badness 5652) in paragraph at lines 140--140
[]|\OT1/cmr/m/n/12 Ingenier^^S^^Pa en Sis-te-mas
 []


Underfull \hbox (badness 10000) in paragraph at lines 140--140
\OT1/cmr/m/n/12 Ad-mi-nis-tra-ci^^Son In-dus-
 []


Underfull \hbox (badness 4518) in paragraph at lines 140--140
[]|\OT1/cmr/m/n/12 Doctorado en Cien-cias
 []

LaTeX Info: Redefining \. on input line 141.
LaTeX Info: Redefining \% on input line 141.
[20]) (marcoTeorico/secciones/escuela/Celex.tex
LaTeX Info: Redefining \. on input line 12.
LaTeX Info: Redefining \% on input line 12.
 [21]
LaTeX Info: Redefining \. on input line 48.
LaTeX Info: Redefining \% on input line 48.
 [22]
Underfull \hbox (badness 3701) in paragraph at lines 72--72
[]|\OT1/cmr/m/n/12 TOEFL, IELTS, Cam-
 []


Underfull \hbox (badness 10000) in paragraph at lines 72--72
[]|\OT1/cmr/m/n/12 JLPT (Japanese-
 []


Underfull \hbox (badness 10000) in paragraph at lines 72--72
\OT1/cmr/m/n/12 Language Pro-fi-ciency
 []

) (marcoTeorico/secciones/escuela/Actividades culturales y deportivas.tex
LaTeX Info: Redefining \. on input line 16.
LaTeX Info: Redefining \% on input line 16.

[23]
LaTeX Info: Redefining \. on input line 54.
LaTeX Info: Redefining \% on input line 54.
 [24]) (marcoTeorico/secciones/escuela/Servicios estudiantiles.tex
LaTeX Info: Redefining \. on input line 18.
LaTeX Info: Redefining \% on input line 18.
 [25]
Underfull \hbox (badness 2735) in paragraph at lines 57--57
\OT1/cmr/m/n/12 co y di-gi-tal, pr^^Sesta-mo
 []


Underfull \hbox (badness 10000) in paragraph at lines 57--57
[]|\OT1/cmr/m/n/12 Programas de apo-yo
 []


Underfull \hbox (badness 3291) in paragraph at lines 57--57
\OT1/cmr/m/n/12 econ^^Somi-co y mo-vi-li-dad
 []


Underfull \hbox (badness 2088) in paragraph at lines 57--57
\OT1/cmr/m/n/12 sor^^S^^Pa per-so-na-li-za-da por
 []


Underfull \hbox (badness 10000) in paragraph at lines 57--57
[]|\OT1/cmr/m/n/12 Apoyar el de-sa-rro-llo
 []


Underfull \hbox (badness 2269) in paragraph at lines 57--57
[]|\OT1/cmr/m/n/12 Fortalecer la for-ma-ci^^Son
 []


Underfull \hbox (badness 10000) in paragraph at lines 57--57
[]|\OT1/cmr/m/n/12 Promover el bien-es-tar
 []


Underfull \hbox (badness 10000) in paragraph at lines 57--57
[]|\OT1/cmr/m/n/12 Atenci^^Son emo-cio-nal y
 []


Underfull \hbox (badness 3354) in paragraph at lines 57--57
\OT1/cmr/m/n/12 apo-yo en la to-ma de
 []


Underfull \hbox (badness 7796) in paragraph at lines 57--57
[]|\OT1/cmr/m/n/12 Mejorar la es-ta-bi-li-dad
 []


Underfull \hbox (badness 2368) in paragraph at lines 57--57
\OT1/cmr/m/n/12 emo-cio-nal y vo-ca-cio-nal
 []

) (marcoTeorico/secciones/escuela/Rutas de evacuacion.tex
LaTeX Info: Redefining \. on input line 1.
LaTeX Info: Redefining \% on input line 1.
 [26]
LaTeX Info: Redefining \. on input line 17.
LaTeX Info: Redefining \% on input line 17.
 [27])))
(requerimientos/requerimientos.tex
LaTeX Info: Redefining \. on input line 1.
LaTeX Info: Redefining \% on input line 1.
 [28]
Cap\'{\i }tulo 3.
(requerimientos/secciones/funcionales.tex)
(requerimientos/secciones/noFuncionales.tex [29

]
LaTeX Info: Redefining \. on input line 76.
LaTeX Info: Redefining \% on input line 76.
 [30]))
(arquitectura4+1/arquitectura4+1.tex
LaTeX Info: Redefining \. on input line 1.
LaTeX Info: Redefining \% on input line 1.
 [31]
Cap\'{\i }tulo 4.
(arquitectura4+1/secciones/escenarios.tex)
(arquitectura4+1/secciones/procesos.tex) (arquitectura4+1/secciones/logica.tex)
(arquitectura4+1/secciones/fisica.tex)
(arquitectura4+1/secciones/despliegue.tex) (arquitectura4+1/secciones/datos.tex
)) [32

] (proyecto1-nombreProyecto-6NV6-Ambientes virtuales.aux (portada.aux)
LaTeX Info: Redefining \. on input line 9.
LaTeX Info: Redefining \% on input line 9.

(resumen.aux))
 ***********
LaTeX2e <2023-11-01> patch level 1
L3 programming layer <2024-01-04>
 ***********


LaTeX Font Warning: Size substitutions with differences
(Font)              up to 1.28pt have occurred.


LaTeX Warning: Label(s) may have changed. Rerun to get cross-references right.

 ) 
Here is how much of TeX's memory you used:
 6420 strings out of 474485
 121944 string characters out of 5743734
 1960542 words of memory out of 5000000
 28537 multiletter control sequences out of 15000+600000
 564434 words of font info for 57 fonts, out of 8000000 for 9000
 1141 hyphenation exceptions out of 8191
 67i,11n,77p,677b,534s stack positions out of 10000i,1000n,20000p,200000b,200000s
 <C:\Users\monic\AppData\Local\MiKTeX\fonts/pk/ljfour/jknappen/ec/dpi600\tcrm
1200.pk><C:/Users/monic/AppData/Local/Programs/MiKTeX/fonts/type1/public/amsfon
ts/cm/cmbx12.pfb><C:/Users/monic/AppData/Local/Programs/MiKTeX/fonts/type1/publ
ic/amsfonts/cm/cmr10.pfb><C:/Users/monic/AppData/Local/Programs/MiKTeX/fonts/ty
pe1/public/amsfonts/cm/cmr12.pfb><C:/Users/monic/AppData/Local/Programs/MiKTeX/
fonts/type1/public/amsfonts/cm/cmr17.pfb><C:/Users/monic/AppData/Local/Programs
/MiKTeX/fonts/type1/public/amsfonts/cm/cmsl12.pfb><C:/Users/monic/AppData/Local
/Programs/MiKTeX/fonts/type1/public/amsfonts/cm/cmti12.pfb><C:/Users/monic/AppD
ata/Local/Programs/MiKTeX/fonts/type1/public/amsfonts/cm/cmtt12.pfb>
Output written on "proyecto1-nombreProyecto-6NV6-Ambientes virtuales.pdf" (38 p
ages, 3592393 bytes).
PDF statistics:
 181 PDF objects out of 1000 (max. 8388607)
 0 named destinations out of 1000 (max. 500000)
 56 words of extra memory for PDF output out of 10000 (max. 10000000)

